<?xml version="1.0" encoding="UTF-8"?>
<testsuite name="com.zerock.ex1_springboot_jpa_jar.Ex1SpringbootJpaJarApplicationTests" tests="1" skipped="0" failures="0" errors="0" timestamp="2023-04-15T13:26:13" hostname="yangseon-uui-MacBookPro.local" time="0.289">
  <properties/>
  <testcase name="contextLoads()" classname="com.zerock.ex1_springboot_jpa_jar.Ex1SpringbootJpaJarApplicationTests" time="0.289"/>
  <system-out><![CDATA[22:26:12.230 [Test worker] DEBUG org.springframework.test.context.BootstrapUtils - Instantiating CacheAwareContextLoaderDelegate from class [org.springframework.test.context.cache.DefaultCacheAwareContextLoaderDelegate]
22:26:12.237 [Test worker] DEBUG org.springframework.test.context.BootstrapUtils - Instantiating BootstrapContext using constructor [public org.springframework.test.context.support.DefaultBootstrapContext(java.lang.Class,org.springframework.test.context.CacheAwareContextLoaderDelegate)]
22:26:12.260 [Test worker] DEBUG org.springframework.test.context.BootstrapUtils - Instantiating TestContextBootstrapper for test class [com.zerock.ex1_springboot_jpa_jar.Ex1SpringbootJpaJarApplicationTests] from class [org.springframework.boot.test.context.SpringBootTestContextBootstrapper]
22:26:12.269 [Test worker] INFO org.springframework.boot.test.context.SpringBootTestContextBootstrapper - Neither @ContextConfiguration nor @ContextHierarchy found for test class [com.zerock.ex1_springboot_jpa_jar.Ex1SpringbootJpaJarApplicationTests], using SpringBootContextLoader
22:26:12.271 [Test worker] DEBUG org.springframework.test.context.support.AbstractContextLoader - Did not detect default resource location for test class [com.zerock.ex1_springboot_jpa_jar.Ex1SpringbootJpaJarApplicationTests]: class path resource [com/zerock/ex1_springboot_jpa_jar/Ex1SpringbootJpaJarApplicationTests-context.xml] does not exist
22:26:12.272 [Test worker] DEBUG org.springframework.test.context.support.AbstractContextLoader - Did not detect default resource location for test class [com.zerock.ex1_springboot_jpa_jar.Ex1SpringbootJpaJarApplicationTests]: class path resource [com/zerock/ex1_springboot_jpa_jar/Ex1SpringbootJpaJarApplicationTestsContext.groovy] does not exist
22:26:12.272 [Test worker] INFO org.springframework.test.context.support.AbstractContextLoader - Could not detect default resource locations for test class [com.zerock.ex1_springboot_jpa_jar.Ex1SpringbootJpaJarApplicationTests]: no resource found for suffixes {-context.xml, Context.groovy}.
22:26:12.273 [Test worker] INFO org.springframework.test.context.support.AnnotationConfigContextLoaderUtils - Could not detect default configuration classes for test class [com.zerock.ex1_springboot_jpa_jar.Ex1SpringbootJpaJarApplicationTests]: Ex1SpringbootJpaJarApplicationTests does not declare any static, non-private, non-final, nested classes annotated with @Configuration.
22:26:12.306 [Test worker] DEBUG org.springframework.test.context.support.ActiveProfilesUtils - Could not find an 'annotation declaring class' for annotation type [org.springframework.test.context.ActiveProfiles] and class [com.zerock.ex1_springboot_jpa_jar.Ex1SpringbootJpaJarApplicationTests]
22:26:12.345 [Test worker] DEBUG org.springframework.context.annotation.ClassPathScanningCandidateComponentProvider - Identified candidate component class: file [/Users/yangseon-u/IdeaProjects/ex1_springboot_jpa_jar/build/classes/java/main/com/zerock/ex1_springboot_jpa_jar/Ex1SpringbootJpaJarApplication.class]
22:26:12.346 [Test worker] INFO org.springframework.boot.test.context.SpringBootTestContextBootstrapper - Found @SpringBootConfiguration com.zerock.ex1_springboot_jpa_jar.Ex1SpringbootJpaJarApplication for test class com.zerock.ex1_springboot_jpa_jar.Ex1SpringbootJpaJarApplicationTests
22:26:12.415 [Test worker] DEBUG org.springframework.boot.test.context.SpringBootTestContextBootstrapper - @TestExecutionListeners is not present for class [com.zerock.ex1_springboot_jpa_jar.Ex1SpringbootJpaJarApplicationTests]: using defaults.
22:26:12.415 [Test worker] INFO org.springframework.boot.test.context.SpringBootTestContextBootstrapper - Loaded default TestExecutionListener class names from location [META-INF/spring.factories]: [org.springframework.boot.test.autoconfigure.restdocs.RestDocsTestExecutionListener, org.springframework.boot.test.autoconfigure.web.client.MockRestServiceServerResetTestExecutionListener, org.springframework.boot.test.autoconfigure.web.servlet.MockMvcPrintOnlyOnFailureTestExecutionListener, org.springframework.boot.test.autoconfigure.web.servlet.WebDriverTestExecutionListener, org.springframework.boot.test.autoconfigure.webservices.client.MockWebServiceServerTestExecutionListener, org.springframework.boot.test.mock.mockito.MockitoTestExecutionListener, org.springframework.boot.test.mock.mockito.ResetMocksTestExecutionListener, org.springframework.test.context.web.ServletTestExecutionListener, org.springframework.test.context.support.DirtiesContextBeforeModesTestExecutionListener, org.springframework.test.context.event.ApplicationEventsTestExecutionListener, org.springframework.test.context.support.DependencyInjectionTestExecutionListener, org.springframework.test.context.support.DirtiesContextTestExecutionListener, org.springframework.test.context.transaction.TransactionalTestExecutionListener, org.springframework.test.context.jdbc.SqlScriptsTestExecutionListener, org.springframework.test.context.event.EventPublishingTestExecutionListener]
22:26:12.425 [Test worker] DEBUG org.springframework.boot.test.context.SpringBootTestContextBootstrapper - Skipping candidate TestExecutionListener [org.springframework.test.context.transaction.TransactionalTestExecutionListener] due to a missing dependency. Specify custom listener classes or make the default listener classes and their required dependencies available. Offending class: [org/springframework/transaction/TransactionDefinition]
22:26:12.425 [Test worker] DEBUG org.springframework.boot.test.context.SpringBootTestContextBootstrapper - Skipping candidate TestExecutionListener [org.springframework.test.context.jdbc.SqlScriptsTestExecutionListener] due to a missing dependency. Specify custom listener classes or make the default listener classes and their required dependencies available. Offending class: [org/springframework/transaction/interceptor/TransactionAttribute]
22:26:12.425 [Test worker] INFO org.springframework.boot.test.context.SpringBootTestContextBootstrapper - Using TestExecutionListeners: [org.springframework.test.context.web.ServletTestExecutionListener@677dbd89, org.springframework.test.context.support.DirtiesContextBeforeModesTestExecutionListener@fff25f1, org.springframework.test.context.event.ApplicationEventsTestExecutionListener@c00fff0, org.springframework.boot.test.mock.mockito.MockitoTestExecutionListener@263f04ca, org.springframework.boot.test.autoconfigure.SpringBootDependencyInjectionTestExecutionListener@2ca47471, org.springframework.test.context.support.DirtiesContextTestExecutionListener@5a021cb9, org.springframework.test.context.event.EventPublishingTestExecutionListener@51768776, org.springframework.boot.test.autoconfigure.restdocs.RestDocsTestExecutionListener@f31c0c6, org.springframework.boot.test.autoconfigure.web.client.MockRestServiceServerResetTestExecutionListener@b93aad, org.springframework.boot.test.autoconfigure.web.servlet.MockMvcPrintOnlyOnFailureTestExecutionListener@4a9419d7, org.springframework.boot.test.autoconfigure.web.servlet.WebDriverTestExecutionListener@2f3c6ac4, org.springframework.boot.test.autoconfigure.webservices.client.MockWebServiceServerTestExecutionListener@2e8ab815, org.springframework.boot.test.mock.mockito.ResetMocksTestExecutionListener@67af833b]
22:26:12.428 [Test worker] DEBUG org.springframework.test.context.support.AbstractDirtiesContextTestExecutionListener - Before test class: context [DefaultTestContext@50305a testClass = Ex1SpringbootJpaJarApplicationTests, testInstance = [null], testMethod = [null], testException = [null], mergedContextConfiguration = [WebMergedContextConfiguration@72efb5c1 testClass = Ex1SpringbootJpaJarApplicationTests, locations = '{}', classes = '{class com.zerock.ex1_springboot_jpa_jar.Ex1SpringbootJpaJarApplication}', contextInitializerClasses = '[]', activeProfiles = '{}', propertySourceLocations = '{}', propertySourceProperties = '{org.springframework.boot.test.context.SpringBootTestContextBootstrapper=true}', contextCustomizers = set[org.springframework.boot.test.autoconfigure.actuate.metrics.MetricsExportContextCustomizerFactory$DisableMetricExportContextCustomizer@4a11eb84, org.springframework.boot.test.autoconfigure.properties.PropertyMappingContextCustomizer@0, org.springframework.boot.test.autoconfigure.web.servlet.WebDriverContextCustomizerFactory$Customizer@5d1659ea, org.springframework.boot.test.context.filter.ExcludeFilterContextCustomizer@43aaf813, org.springframework.boot.test.json.DuplicateJsonObjectContextCustomizerFactory$DuplicateJsonObjectContextCustomizer@2f6e28bc, org.springframework.boot.test.mock.mockito.MockitoContextCustomizer@0, org.springframework.boot.test.web.client.TestRestTemplateContextCustomizer@aeab9a1, org.springframework.boot.test.context.SpringBootTestArgs@1, org.springframework.boot.test.context.SpringBootTestWebEnvironment@29f7cefd], resourceBasePath = 'src/main/webapp', contextLoader = 'org.springframework.boot.test.context.SpringBootContextLoader', parent = [null]], attributes = map['org.springframework.test.context.web.ServletTestExecutionListener.activateListener' -> true]], class annotated with @DirtiesContext [false] with mode [null].

  .   ____          _            __ _ _
 /\\ / ___'_ __ _ _(_)_ __  __ _ \ \ \ \
( ( )\___ | '_ | '_| | '_ \/ _` | \ \ \ \
 \\/  ___)| |_)| | | | | || (_| |  ) ) ) )
  '  |____| .__|_| |_|_| |_\__, | / / / /
 =========|_|==============|___/=/_/_/_/
 :: Spring Boot ::               (v2.7.10)

2023-04-15 22:26:12.776  INFO 13605 --- [    Test worker] .z.e.Ex1SpringbootJpaJarApplicationTests : Starting Ex1SpringbootJpaJarApplicationTests using Java 11.0.17 on yangseon-uui-MacBookPro.local with PID 13605 (started by yangseon-u in /Users/yangseon-u/IdeaProjects/ex1_springboot_jpa_jar)
2023-04-15 22:26:12.777  INFO 13605 --- [    Test worker] .z.e.Ex1SpringbootJpaJarApplicationTests : No active profile set, falling back to 1 default profile: "default"
2023-04-15 22:26:13.620  INFO 13605 --- [    Test worker] .z.e.Ex1SpringbootJpaJarApplicationTests : Started Ex1SpringbootJpaJarApplicationTests in 1.156 seconds (JVM running for 1.984)
contextLoads...
]]></system-out>
  <system-err><![CDATA[]]></system-err>
</testsuite>
